0 info it worked if it ends with ok
1 verbose cli [ 'C:\\Program Files\\nodejs\\\\node.exe',
1 verbose cli   'C:\\Program Files\\nodejs\\node_modules\\npm\\bin\\npm-cli.js',
1 verbose cli   'shrinkwrap' ]
2 info using npm@2.10.1
3 info using node@v0.12.4
4 verbose stack Error: ENOENT, open 'C:\Users\djones\AppData\Roaming\Sublime Text 3\Packages\LocalBrowserSync\package.json'
4 verbose stack     at Error (native)
5 verbose cwd C:\Users\djones\AppData\Roaming\Sublime Text 3\Packages\LocalBrowserSync
6 error Windows_NT 6.1.7601
7 error argv "C:\\Program Files\\nodejs\\\\node.exe" "C:\\Program Files\\nodejs\\node_modules\\npm\\bin\\npm-cli.js" "shrinkwrap"
8 error node v0.12.4
9 error npm  v2.10.1
10 error path C:\Users\djones\AppData\Roaming\Sublime Text 3\Packages\LocalBrowserSync\package.json
11 error code ENOENT
12 error errno -4058
13 error enoent ENOENT, open 'C:\Users\djones\AppData\Roaming\Sublime Text 3\Packages\LocalBrowserSync\package.json'
13 error enoent This is most likely not a problem with npm itself
13 error enoent and is related to npm not being able to find a file.
14 verbose exit [ -4058, true ]
